# JRE version: OpenJDK Runtime Environment Temurin-21.0.4+7 (21.0.4+7) (build 21.0.4+7-LTS)
# Java VM: OpenJDK 64-Bit Server VM Temurin-21.0.4+7 (21.0.4+7-LTS, mixed mode, emulated-client, sharing, tiered, compressed oops, compressed class ptrs, g1 gc, windows-amd64)
GC Precious Log:
 CardTable entry size: 512
 Card Set container configuration: InlinePtr #cards 4 size 8 Array Of Cards #cards 16 size 48 Howl #buckets 8 coarsen threshold 3686 Howl Bitmap #cards 512 size 80 coarsen threshold 460 Card regions per heap region 1 cards per card region 4096
 CPUs: 12 total, 12 available
 Memory: 16163M
 Large Page Support: Disabled
 NUMA Support: Disabled
 Compressed Oops: Enabled (Zero based)
 Heap Region Size: 2M
 Heap Min Capacity: 8M
 Heap Initial Capacity: 254M
 Heap Max Capacity: 4042M
 Pre-touch: Disabled
 Parallel Workers: 10
 Concurrent Workers: 3
 Concurrent Refinement Workers: 10
 Periodic GC: Disabled
Heap:
 garbage-first heap   total 75776K, used 32639K [0x0000000703600000, 0x0000000800000000)
  region size 2048K, 2 young (4096K), 2 survivors (4096K)
 Metaspace       used 69391K, committed 70144K, reserved 1114112K
  class space    used 9762K, committed 10112K, reserved 1048576K
GC Heap History (20 events):
Event: 2.115 GC heap before
{Heap before GC invocations=4 (full 0):
 garbage-first heap   total 49152K, used 35890K [0x0000000703600000, 0x0000000800000000)
  region size 2048K, 14 young (28672K), 3 survivors (6144K)
 Metaspace       used 22751K, committed 23232K, reserved 1114112K
  class space    used 3051K, committed 3264K, reserved 1048576K
}
Event: 2.120 GC heap after
{Heap after GC invocations=5 (full 0):
 garbage-first heap   total 49152K, used 14714K [0x0000000703600000, 0x0000000800000000)
  region size 2048K, 1 young (2048K), 1 survivors (2048K)
 Metaspace       used 22751K, committed 23232K, reserved 1114112K
  class space    used 3051K, committed 3264K, reserved 1048576K
}
Event: 2.427 GC heap before
{Heap before GC invocations=5 (full 0):
 garbage-first heap   total 49152K, used 35194K [0x0000000703600000, 0x0000000800000000)
  region size 2048K, 11 young (22528K), 1 survivors (2048K)
 Metaspace       used 26152K, committed 26624K, reserved 1114112K
  class space    used 3576K, committed 3776K, reserved 1048576K
}
Event: 2.433 GC heap after
{Heap after GC invocations=6 (full 0):
 garbage-first heap   total 49152K, used 17103K [0x0000000703600000, 0x0000000800000000)
  region size 2048K, 2 young (4096K), 2 survivors (4096K)
 Metaspace       used 26152K, committed 26624K, reserved 1114112K
  class space    used 3576K, committed 3776K, reserved 1048576K
}
Event: 2.702 GC heap before
{Heap before GC invocations=6 (full 0):
 garbage-first heap   total 49152K, used 35535K [0x0000000703600000, 0x0000000800000000)
  region size 2048K, 11 young (22528K), 2 survivors (4096K)
 Metaspace       used 29433K, committed 30016K, reserved 1114112K
  class space    used 4027K, committed 4288K, reserved 1048576K
}
Event: 2.707 GC heap after
{Heap after GC invocations=7 (full 0):
 garbage-first heap   total 49152K, used 18738K [0x0000000703600000, 0x0000000800000000)
  region size 2048K, 1 young (2048K), 1 survivors (2048K)
 Metaspace       used 29433K, committed 30016K, reserved 1114112K
  class space    used 4027K, committed 4288K, reserved 1048576K
}
Event: 3.082 GC heap before
{Heap before GC invocations=7 (full 0):
 garbage-first heap   total 49152K, used 33074K [0x0000000703600000, 0x0000000800000000)
  region size 2048K, 10 young (20480K), 1 survivors (2048K)
 Metaspace       used 33971K, committed 34560K, reserved 1114112K
  class space    used 4563K, committed 4864K, reserved 1048576K
}
Event: 3.084 GC heap after
{Heap after GC invocations=8 (full 0):
 garbage-first heap   total 155648K, used 20207K [0x0000000703600000, 0x0000000800000000)
  region size 2048K, 2 young (4096K), 2 survivors (4096K)
 Metaspace       used 33971K, committed 34560K, reserved 1114112K
  class space    used 4563K, committed 4864K, reserved 1048576K
}
Event: 3.793 GC heap before
{Heap before GC invocations=9 (full 0):
 garbage-first heap   total 75776K, used 59119K [0x0000000703600000, 0x0000000800000000)
  region size 2048K, 22 young (45056K), 2 survivors (4096K)
 Metaspace       used 40629K, committed 41344K, reserved 1114112K
  class space    used 5378K, committed 5696K, reserved 1048576K
}
Event: 3.796 GC heap after
{Heap after GC invocations=10 (full 0):
 garbage-first heap   total 75776K, used 23243K [0x0000000703600000, 0x0000000800000000)
  region size 2048K, 3 young (6144K), 3 survivors (6144K)
 Metaspace       used 40629K, committed 41344K, reserved 1114112K
  class space    used 5378K, committed 5696K, reserved 1048576K
}
Event: 4.387 GC heap before
{Heap before GC invocations=10 (full 0):
 garbage-first heap   total 75776K, used 60107K [0x0000000703600000, 0x0000000800000000)
  region size 2048K, 21 young (43008K), 3 survivors (6144K)
 Metaspace       used 48072K, committed 48768K, reserved 1114112K
  class space    used 6515K, committed 6848K, reserved 1048576K
}
Event: 4.390 GC heap after
{Heap after GC invocations=11 (full 0):
 garbage-first heap   total 75776K, used 25495K [0x0000000703600000, 0x0000000800000000)
  region size 2048K, 3 young (6144K), 3 survivors (6144K)
 Metaspace       used 48072K, committed 48768K, reserved 1114112K
  class space    used 6515K, committed 6848K, reserved 1048576K
}
Event: 4.841 GC heap before
{Heap before GC invocations=11 (full 0):
 garbage-first heap   total 75776K, used 52119K [0x0000000703600000, 0x0000000800000000)
  region size 2048K, 17 young (34816K), 3 survivors (6144K)
 Metaspace       used 57230K, committed 57856K, reserved 1114112K
  class space    used 7911K, committed 8192K, reserved 1048576K
}
Event: 4.844 GC heap after
{Heap after GC invocations=12 (full 0):
 garbage-first heap   total 75776K, used 26820K [0x0000000703600000, 0x0000000800000000)
  region size 2048K, 2 young (4096K), 2 survivors (4096K)
 Metaspace       used 57230K, committed 57856K, reserved 1114112K
  class space    used 7911K, committed 8192K, reserved 1048576K
}
Event: 5.337 GC heap before
{Heap before GC invocations=13 (full 0):
 garbage-first heap   total 75776K, used 63684K [0x0000000703600000, 0x0000000800000000)
  region size 2048K, 20 young (40960K), 2 survivors (4096K)
 Metaspace       used 63962K, committed 64704K, reserved 1114112K
  class space    used 8951K, committed 9280K, reserved 1048576K
}
Event: 5.341 GC heap after
{Heap after GC invocations=14 (full 0):
 garbage-first heap   total 75776K, used 29470K [0x0000000703600000, 0x0000000800000000)
  region size 2048K, 2 young (4096K), 2 survivors (4096K)
 Metaspace       used 63962K, committed 64704K, reserved 1114112K
  class space    used 8951K, committed 9280K, reserved 1048576K
}
Event: 5.712 GC heap before
{Heap before GC invocations=14 (full 0):
 garbage-first heap   total 75776K, used 64286K [0x0000000703600000, 0x0000000800000000)
  region size 2048K, 19 young (38912K), 2 survivors (4096K)
 Metaspace       used 67696K, committed 68480K, reserved 1114112K
  class space    used 9522K, committed 9856K, reserved 1048576K
}
Event: 5.716 GC heap after
{Heap after GC invocations=15 (full 0):
 garbage-first heap   total 75776K, used 31036K [0x0000000703600000, 0x0000000800000000)
  region size 2048K, 3 young (6144K), 3 survivors (6144K)
 Metaspace       used 67696K, committed 68480K, reserved 1114112K
  class space    used 9522K, committed 9856K, reserved 1048576K
}
Event: 693.562 GC heap before
{Heap before GC invocations=15 (full 0):
 garbage-first heap   total 75776K, used 61756K [0x0000000703600000, 0x0000000800000000)
  region size 2048K, 18 young (36864K), 3 survivors (6144K)
 Metaspace       used 69391K, committed 70144K, reserved 1114112K
  class space    used 9762K, committed 10112K, reserved 1048576K
}
Event: 693.567 GC heap after
{Heap after GC invocations=16 (full 0):
 garbage-first heap   total 75776K, used 32639K [0x0000000703600000, 0x0000000800000000)
  region size 2048K, 2 young (4096K), 2 survivors (4096K)
 Metaspace       used 69391K, committed 70144K, reserved 1114112K
  class space    used 9762K, committed 10112K, reserved 1048576K
}

